towhidsirapp/sakib_school/build/app/outputs/mapping/release/seeds.txt
com.example.sakib_school.MainActivity
com.example.sakib_school.MainActivity: MainActivity()
...
androidx.window.embedding.SplitPairFilter: SplitPairFilter(android.content.ComponentName,android.content.ComponentName,java.lang.String)
androidx.window.embedding.ExtensionEmbeddingBackend: boolean isSplitSupported()
io.flutter.view.AccessibilityViewEmbedder: void copyAccessibilityFields(android.view.accessibility.AccessibilityNodeInfo,android.view.accessibility.AccessibilityNodeInfo)
androidx.window.embedding.SplitRule: int getMinSmallestWidth()
io.flutter.embedding.engine.FlutterJNI: java.lang.String getVMServiceUri()
io.flutter.embedding.engine.FlutterJNI: void nativeSetAccessibilityFeatures(long,int)
androidx.window.layout.SidecarCompat: androidx.window.layout.WindowLayoutInfo getWindowLayoutInfo(android.app.Activity)
androidx.window.embedding.EmbeddingAdapter: java.util.function.Predicate translateActivityIntentPredicates(java.util.Set)
androidx.window.layout.WindowMetricsCalculatorCompat: androidx.window.layout.WindowMetrics computeMaximumWindowMetrics(android.app.Activity)
kotlin.jvm.internal.FunctionReference: FunctionReference(int)
androidx.window.embedding.EmptyEmbeddingComponent: void setSplitInfoCallback(java.util.function.Consumer)
androidx.window.layout.WindowMetricsCalculator$Companion: void overrideDecorator(androidx.window.layout.WindowMetricsCalculatorDecorator)
androidx.window.core.Version$Companion: androidx.window.core.Version parse(java.lang.String)
androidx.window.embedding.ActivityStack: ActivityStack(java.util.List,boolean)
androidx.window.layout.WindowLayoutInfo: java.lang.String toString()
androidx.window.embedding.ActivityFilter: boolean matchesIntent(android.content.Intent)
androidx.window.embedding.SplitController$Companion: void initialize(android.content.Context,int)
androidx.window.layout.HardwareFoldingFeature$Type$Companion: androidx.window.layout.HardwareFoldingFeature$Type getFOLD()
io.flutter.embedding.engine.FlutterJNI: void nativeDestroy(long)
androidx.window.layout.SidecarAdapter: java.util.List translate(java.util.List,androidx.window.sidecar.SidecarDeviceState)
androidx.window.embedding.ActivityRule: int hashCode()
androidx.window.embedding.EmbeddingAdapter: java.lang.Object component2(android.util.Pair)
androidx.window.layout.SidecarCompat: SidecarCompat(android.content.Context)
io.flutter.embedding.engine.FlutterJNI: void onSurfaceWindowChanged(android.view.Surface)
androidx.window.layout.SidecarWindowBackend$WindowLayoutChangeCallbackWrapper: void setLastInfo(androidx.window.layout.WindowLayoutInfo)
androidx.window.layout.SidecarAdapter$Companion: java.util.List getSidecarDisplayFeatures(androidx.window.sidecar.SidecarWindowLayoutInfo)
kotlin.jvm.internal.FunctionReference: int hashCode()
io.flutter.embedding.engine.FlutterJNI: void nativeDispatchPlatformMessage(long,java.lang.String,java.nio.ByteBuffer,int,int)
androidx.window.embedding.ActivityStack: boolean isEmpty()
kotlinx.coroutines.CoroutineStart: kotlinx.coroutines.CoroutineStart[] values()
androidx.window.embedding.SplitRule$Api30Impl: SplitRule$Api30Impl()
androidx.window.layout.SidecarWindowBackend$WindowLayoutChangeCallbackWrapper: androidx.core.util.Consumer getCallback()
androidx.window.embedding.ExtensionEmbeddingBackend: ExtensionEmbeddingBackend(androidx.window.embedding.EmbeddingInterfaceCompat)
androidx.window.embedding.EmbeddingAdapter: boolean translateParentMetricsPredicate$lambda-4(androidx.window.embedding.SplitRule,android.view.WindowMetrics)
io.flutter.embedding.engine.FlutterJNI: void onRenderingStopped()
androidx.window.layout.WindowMetricsCalculator$-CC: void overrideDecorator(androidx.window.layout.WindowMetricsCalculatorDecorator)
androidx.window.layout.WindowMetricsCalculator$Companion$decorator$1: java.lang.Object invoke(java.lang.Object)
androidx.window.layout.SidecarWindowBackend: boolean isActivityRegistered(android.app.Activity)
androidx.window.layout.FoldingFeature: androidx.window.layout.FoldingFeature$Orientation getOrientation()