towhidsirapp/sakib_school/build/app/outputs/mapping/release/mapping.txt
# compiler: R8
# compiler_version: 3.2.47
# min_api: 21
# common_typos_disable
# {"id":"com.android.tools.r8.mapping","version":"2.0"}
# pg_map_id: 7e15f2c
# pg_map_hash: SHA-256 7e15f2c26f55d91f023ab174abdc39b33f1e18576852168dc5a62115217f5717
...
kotlin.collections.SetsKt__SetsKt -> c0.e0:
    java.util.Set emptySet() -> b
    java.util.Set optimizeReadOnlySet(java.util.Set) -> c
kotlin.collections.SetsKt___SetsKt -> c0.f0:
kotlin.coroutines.AbstractCoroutineContextElement -> d0.a:
kotlin.coroutines.AbstractCoroutineContextKey -> d0.b:
    kotlin.coroutines.CoroutineContext$Key topmostKey -> e
    kotlin.jvm.functions.Function1 safeCast -> d
    boolean isSubKey$kotlin_stdlib(kotlin.coroutines.CoroutineContext$Key) -> a
    kotlin.coroutines.CoroutineContext$Element tryCast$kotlin_stdlib(kotlin.coroutines.CoroutineContext$Element) -> b
kotlin.coroutines.CombinedContext -> d0.c:
    kotlin.coroutines.CoroutineContext$Element element -> e
    kotlin.coroutines.CoroutineContext left -> d
    boolean contains(kotlin.coroutines.CoroutineContext$Element) -> b
    boolean containsAll(kotlin.coroutines.CombinedContext) -> f
    int size() -> h
kotlin.coroutines.CombinedContext$toString$1 -> d0.c$a:
    kotlin.coroutines.CombinedContext$toString$1 INSTANCE -> d
    java.lang.String invoke(java.lang.String,kotlin.coroutines.CoroutineContext$Element) -> a
kotlin.coroutines.Continuation -> d0.d:
kotlin.coroutines.ContinuationInterceptor -> d0.e:
    kotlin.coroutines.ContinuationInterceptor$Key Key -> a
    kotlin.coroutines.Continuation interceptContinuation(kotlin.coroutines.Continuation) -> k
    void releaseInterceptedContinuation(kotlin.coroutines.Continuation) -> m
kotlin.coroutines.ContinuationInterceptor$DefaultImpls -> d0.e$a:
    kotlin.coroutines.CoroutineContext$Element get(kotlin.coroutines.ContinuationInterceptor,kotlin.coroutines.CoroutineContext$Key) -> a
    kotlin.coroutines.CoroutineContext minusKey(kotlin.coroutines.ContinuationInterceptor,kotlin.coroutines.CoroutineContext$Key) -> b
kotlin.coroutines.ContinuationInterceptor$Key -> d0.e$b:
    kotlin.coroutines.ContinuationInterceptor$Key $$INSTANCE -> d
kotlin.coroutines.ContinuationKt -> d0.f:
    void startCoroutine(kotlin.jvm.functions.Function2,java.lang.Object,kotlin.coroutines.Continuation) -> a
kotlin.coroutines.CoroutineContext -> d0.g:
kotlin.coroutines.CoroutineContext$DefaultImpls -> d0.g$a:
    kotlin.coroutines.CoroutineContext plus(kotlin.coroutines.CoroutineContext,kotlin.coroutines.CoroutineContext) -> a
kotlin.coroutines.CoroutineContext$Element -> d0.g$b:
kotlin.coroutines.CoroutineContext$Element$DefaultImpls -> d0.g$b$a:
    java.lang.Object fold(kotlin.coroutines.CoroutineContext$Element,java.lang.Object,kotlin.jvm.functions.Function2) -> a
    kotlin.coroutines.CoroutineContext$Element get(kotlin.coroutines.CoroutineContext$Element,kotlin.coroutines.CoroutineContext$Key) -> b
    kotlin.coroutines.CoroutineContext minusKey(kotlin.coroutines.CoroutineContext$Element,kotlin.coroutines.CoroutineContext$Key) -> c
    kotlin.coroutines.CoroutineContext plus(kotlin.coroutines.CoroutineContext$Element,kotlin.coroutines.CoroutineContext) -> d
kotlin.coroutines.CoroutineContext$Key -> d0.g$c:
kotlin.coroutines.CoroutineContext$plus$1 -> d0.g$a$a:
    kotlin.coroutines.CoroutineContext$plus$1 INSTANCE -> d
    kotlin.coroutines.CoroutineContext invoke(kotlin.coroutines.CoroutineContext,kotlin.coroutines.CoroutineContext$Element) -> a
kotlin.coroutines.EmptyCoroutineContext -> d0.h:
    kotlin.coroutines.EmptyCoroutineContext INSTANCE -> d
kotlin.coroutines.intrinsics.CoroutineSingletons -> e0.a:
    kotlin.coroutines.intrinsics.CoroutineSingletons UNDECIDED -> e
    kotlin.coroutines.intrinsics.CoroutineSingletons RESUMED -> f
    kotlin.coroutines.intrinsics.CoroutineSingletons COROUTINE_SUSPENDED -> d
    kotlin.coroutines.intrinsics.CoroutineSingletons[] $VALUES -> g
    kotlin.coroutines.intrinsics.CoroutineSingletons[] $values() -> a